0 info it worked if it ends with ok
1 verbose cli [ 'C:\\Program Files\\nodejs\\node.exe',
1 verbose cli   'C:\\Users\\Carter Wu\\AppData\\Roaming\\npm\\node_modules\\npm\\bin\\npm-cli.js',
1 verbose cli   'start' ]
2 info using npm@3.10.6
3 info using node@v4.5.0
4 verbose run-script [ 'prestart', 'start', 'poststart' ]
5 info lifecycle bestBuilds@1.0.0~prestart: bestBuilds@1.0.0
6 silly lifecycle bestBuilds@1.0.0~prestart: no script for prestart, continuing
7 info lifecycle bestBuilds@1.0.0~start: bestBuilds@1.0.0
8 verbose lifecycle bestBuilds@1.0.0~start: unsafe-perm in lifecycle true
9 verbose lifecycle bestBuilds@1.0.0~start: PATH: C:\Users\Carter Wu\AppData\Roaming\npm\node_modules\npm\bin\node-gyp-bin;C:\Users\Carter Wu\Documents\GitHub\bestBuilds\node_modules\.bin;C:\Users\Carter Wu\AppData\Local\GitHub\PortableGit_284a859b0e6deba86edc624fef1e4db2aa8241a9\cmd;C:\Users\Carter Wu\AppData\Local\GitHub\PortableGit_284a859b0e6deba86edc624fef1e4db2aa8241a9\usr\bin;C:\Users\Carter Wu\AppData\Local\GitHub\PortableGit_284a859b0e6deba86edc624fef1e4db2aa8241a9\usr\share\git-tfs;C:\Users\Carter Wu\AppData\Local\Apps\2.0\E81566HE.0BH\Z7LY6N6N.EXZ\gith..tion_317444273a93ac29_0003.0003_92b520eb113e6614;C:\Users\Carter Wu\AppData\Local\GitHub\lfs-amd64_1.3.1;C:\ProgramData\Oracle\Java\javapath;C:\Program Files (x86)\Intel\iCLS Client\;C:\Program Files\Intel\iCLS Client\;C:\WINDOWS\system32;C:\WINDOWS;C:\WINDOWS\System32\Wbem;C:\WINDOWS\System32\WindowsPowerShell\v1.0\;C:\Program Files\Intel\Intel(R) Management Engine Components\DAL;C:\Program Files (x86)\Intel\Intel(R) Management Engine Components\DAL;C:\Program Files\Intel\Intel(R) Management Engine Components\IPT;C:\Program Files (x86)\Intel\Intel(R) Management Engine Components\IPT;C:\Program Files (x86)\Windows Kits\8.1\Windows Performance Toolkit\;C:\Program Files\Microsoft SQL Server\110\Tools\Binn\;C:\Program Files (x86)\Microsoft SDKs\TypeScript\1.0\;C:\Program Files\Microsoft SQL Server\120\Tools\Binn\;C:\Users\Carter Wu\.dnx\bin;C:\Program Files\Microsoft DNX\Dnvm\;C:\Program Files (x86)\NVIDIA Corporation\PhysX\Common;C:\WINDOWS\system32;C:\WINDOWS;C:\WINDOWS\System32\Wbem;C:\WINDOWS\System32\WindowsPowerShell\v1.0\;C:\Program Files (x86)\Skype\Phone\;C:\Program Files (x86)\Brackets\command;C:\Anaconda2;C:\Anaconda2\Scripts;C:\Anaconda2\Library\bin;C:\Program Files (x86)\Windows Live\Shared;C:\Program Files\nodejs\;C:\Users\Carter Wu\AppData\Local\Programs\Python\Python35-32\Scripts\;C:\Users\Carter Wu\AppData\Local\Programs\Python\Python35-32\;C:\Users\Carter Wu\.dnx\bin;C:\Program Files (x86)\Microsoft VS Code\bin;C:\Users\Carter Wu\AppData\Local\atom\bin;C:\Users\Carter Wu\appdata\local\atom\bin;C:\Users\Carter Wu\AppData\Roaming\npm;C:\Program Files (x86)\MSBuild\14.0\bin\;C:\Program Files (x86)\Microsoft SDKs\Windows\v8.1A\bin\NETFX 4.5.1 Tools\x64;C:\Program Files (x86)\Microsoft SDKs\F#\4.0\Framework\v4.0\
10 verbose lifecycle bestBuilds@1.0.0~start: CWD: C:\Users\Carter Wu\Documents\GitHub\bestBuilds
11 silly lifecycle bestBuilds@1.0.0~start: Args: [ '/d /s /c', 'node server/app.js' ]
12 silly lifecycle bestBuilds@1.0.0~start: Returned: code: 1  signal: null
13 info lifecycle bestBuilds@1.0.0~start: Failed to exec start script
14 verbose stack Error: bestBuilds@1.0.0 start: `node server/app.js`
14 verbose stack Exit status 1
14 verbose stack     at EventEmitter.<anonymous> (C:\Users\Carter Wu\AppData\Roaming\npm\node_modules\npm\lib\utils\lifecycle.js:255:16)
14 verbose stack     at emitTwo (events.js:87:13)
14 verbose stack     at EventEmitter.emit (events.js:172:7)
14 verbose stack     at ChildProcess.<anonymous> (C:\Users\Carter Wu\AppData\Roaming\npm\node_modules\npm\lib\utils\spawn.js:40:14)
14 verbose stack     at emitTwo (events.js:87:13)
14 verbose stack     at ChildProcess.emit (events.js:172:7)
14 verbose stack     at maybeClose (internal/child_process.js:829:16)
14 verbose stack     at Process.ChildProcess._handle.onexit (internal/child_process.js:211:5)
15 verbose pkgid bestBuilds@1.0.0
16 verbose cwd C:\Users\Carter Wu\Documents\GitHub\bestBuilds
17 error Windows_NT 10.0.10586
18 error argv "C:\\Program Files\\nodejs\\node.exe" "C:\\Users\\Carter Wu\\AppData\\Roaming\\npm\\node_modules\\npm\\bin\\npm-cli.js" "start"
19 error node v4.5.0
20 error npm  v3.10.6
21 error code ELIFECYCLE
22 error bestBuilds@1.0.0 start: `node server/app.js`
22 error Exit status 1
23 error Failed at the bestBuilds@1.0.0 start script 'node server/app.js'.
23 error Make sure you have the latest version of node.js and npm installed.
23 error If you do, this is most likely a problem with the bestBuilds package,
23 error not with npm itself.
23 error Tell the author that this fails on your system:
23 error     node server/app.js
23 error You can get information on how to open an issue for this project with:
23 error     npm bugs bestBuilds
23 error Or if that isn't available, you can get their info via:
23 error     npm owner ls bestBuilds
23 error There is likely additional logging output above.
24 verbose exit [ 1, true ]
